Circuit: NMOS testbench

Instance "m3": Length shorter than recommended for a level 2 MOSFET.
.OP point found by inspection.
.step vgs=0
.step vgs=0.3
.step vgs=0.6
.step vgs=0.9
.step vgs=1.2
.step vgs=1.5
.step vgs=1.8

Date: Thu Aug 18 15:53:06 2022
Total elapsed time: 0.094 seconds.

tnom = 27
temp = 27
method = trap
totiter = 94
traniter = 0
tranpoints = 0
accept = 0
rejected = 0
matrix size = 4
fillins = 0
solver = Normal
Matrix Compiler1:       7 opcodes
Matrix Compiler2: 216 bytes object code size  0.0/0.1/[0.0]

