Circuit: Simple RC Circuit

.step cpar=5e-010
.step cpar=1e-009
.step cpar=1.5e-009


Measurement: peak
  step	MAX(mag(v(2)))	FROM	TO
     1	(-4.28644e-011dB,0°)	1	1e+008
     2	(-1.71454e-010dB,0°)	1	1e+008
     3	(-3.8577e-010dB,0°)	1	1e+008

Measurement: bw
  step	bw	FROM	TO
     1	318460	1	318461
     2	159203	1	159204
     3	106410	1	106411


Date: Wed Aug 10 11:57:55 2022
Total elapsed time: 0.287 seconds.

tnom = 27
temp = 27
method = trap
totiter = 0
traniter = 0
tranpoints = 0
accept = 0
rejected = 0
matrix size = 3
fillins = 0
solver = Normal

